<?xml version="1.0" encoding="UTF-8"?>
<testng-results ignored="0" total="1" passed="1" failed="0" skipped="0">
  <reporter-output>
  </reporter-output>
  <suite started-at="2025-11-09T00:12:39 EET" name="Default suite" finished-at="2025-11-09T00:12:48 EET" duration-ms="9039">
    <groups>
    </groups>
    <test started-at="2025-11-09T00:12:39 EET" name="Default test" finished-at="2025-11-09T00:12:48 EET" duration-ms="9039">
      <class name="mytestcase">
        <test-method is-config="true" signature="startup()[pri:0, instance:mytestcase@44e3a2b2]" started-at="2025-11-09T00:12:39 EET" name="startup" finished-at="2025-11-09T00:12:41 EET" duration-ms="2737" status="PASS">
          <reporter-output>
          </reporter-output>
        </test-method> <!-- startup -->
        <test-method signature="Signup()[pri:1, instance:mytestcase@44e3a2b2]" started-at="2025-11-09T00:12:41 EET" name="Signup" finished-at="2025-11-09T00:12:48 EET" duration-ms="6233" status="PASS">
          <reporter-output>
          </reporter-output>
        </test-method> <!-- Signup -->
      </class> <!-- mytestcase -->
    </test> <!-- Default test -->
  </suite> <!-- Default suite -->
</testng-results>
